╔══════════════════════════════════════════════════════════╗
║   Bioinformática PPGSIS 2026 — Configuração do ambiente  ║
╚══════════════════════════════════════════════════════════╝
[1/4] Instalando Miniforge3...
PREFIX=/home/vscode/miniforge3
Unpacking bootstrapper...
Unpacking payload...
Extracting ca-certificates-2026.4.22-hbd8a1cb_0.conda
Extracting libgomp-15.2.0-he0feb66_18.conda
Extracting libzlib-1.3.2-h25fd6f3_2.conda
Extracting nlohmann_json-abi-3.12.0-h0f90c79_1.conda
Extracting pybind11-abi-11-hc364b38_1.conda
Extracting python_abi-3.13-8_cp313.conda
Extracting tzdata-2025c-hc9c84f9_1.conda
Extracting _openmp_mutex-4.5-20_gnu.conda
Extracting zstd-1.5.7-hb78ec9c_6.conda
Extracting ld_impl_linux-64-2.45.1-default_hbd61a6d_102.conda
Extracting libgcc-15.2.0-he0feb66_18.conda
Extracting bzip2-1.0.8-hda65f42_9.conda
Extracting c-ares-1.34.6-hb03c661_0.conda
Extracting keyutils-1.6.3-hb9d3cd8_0.conda
Extracting libexpat-2.7.5-hecca717_0.conda
Extracting libffi-3.5.2-h3435931_0.conda
Extracting libgcc-ng-15.2.0-h69a702a_18.conda
Extracting libiconv-1.18-h3b78370_2.conda
Extracting liblzma-5.8.3-hb03c661_0.conda
Extracting libmpdec-4.0.0-hb03c661_1.conda
Extracting libstdcxx-15.2.0-h934c35e_18.conda
Extracting libuuid-2.42-h5347b49_0.conda
Extracting lzo-2.10-h280c20c_1002.conda
Extracting ncurses-6.6-hdb14827_0.conda
Extracting openssl-3.6.2-h35e630c_0.conda
Extracting reproc-14.2.7.post0-hb03c661_0.conda
Extracting tk-8.6.13-noxft_h366c992_103.conda
Extracting cpp-expected-1.3.1-h171cf75_0.conda
Extracting fmt-12.1.0-hff5e90c_0.conda
Extracting icu-78.3-h33c6efd_0.conda
Extracting libedit-3.1.20250104-pl5321h7949ede_0.conda
Extracting libev-4.33-hd590300_2.conda
Extracting libmsgpack-c-6.1.0-h54a6638_6.conda
Extracting libsolv-0.7.37-h9463b59_0.conda
Extracting libssh2-1.11.1-hcf80075_0.conda
Extracting lz4-c-1.10.0-h5888daf_1.conda
Extracting readline-8.3-h853b02a_0.conda
Extracting reproc-cpp-14.2.7.post0-hecca717_0.conda
Extracting simdjson-4.6.3-hb700be7_0.conda
Extracting yaml-cpp-0.8.0-h3f2d84a_0.conda
Extracting krb5-1.22.2-ha1258a1_0.conda
Extracting libnghttp2-1.68.1-h877daf1_0.conda
Extracting libsqlite-3.53.0-hf4e2dac_0.conda
Extracting libxml2-16-2.15.3-hca6bf5a_0.conda
Extracting spdlog-1.17.0-hab81395_1.conda
Extracting libcurl-8.20.0-hcf29cc6_0.conda
Extracting libxml2-2.15.3-h49c6c72_0.conda
Extracting python-3.13.13-h6add32d_100_cp313.conda
Extracting libarchive-3.8.7-gpl_hc2c16d8_100.conda
Extracting menuinst-2.4.2-py313h78bf25f_0.conda
Extracting archspec-0.2.5-pyhd8ed1ab_0.conda
Extracting backports.zstd-1.3.0-py313h18e8e13_0.conda
Extracting boltons-25.0.0-pyhd8ed1ab_0.conda
Extracting brotli-python-1.2.0-py313hf159716_1.conda
Extracting certifi-2026.4.22-pyhd8ed1ab_0.conda
Extracting charset-normalizer-3.4.7-pyhd8ed1ab_0.conda
Extracting distro-1.9.0-pyhd8ed1ab_1.conda
Extracting frozendict-2.4.7-py313h07c4f96_0.conda
Extracting hpack-4.1.0-pyhd8ed1ab_0.conda
Extracting hyperframe-6.1.0-pyhd8ed1ab_0.conda
Extracting idna-3.13-pyhcf101f3_0.conda
Extracting jsonpointer-3.1.1-pyhcf101f3_0.conda
Extracting libmamba-2.6.0-hd28c85e_0.conda
Extracting msgpack-python-1.1.2-py313h7037e92_1.conda
Extracting packaging-26.2-pyhc364b38_0.conda
Extracting pip-26.0.1-pyh145f28c_0.conda
Extracting platformdirs-4.9.6-pyhcf101f3_0.conda
Extracting pluggy-1.6.0-pyhf9edf01_1.conda
Extracting pycosat-0.6.6-py313h07c4f96_3.conda
Extracting pycparser-2.22-pyh29332c3_1.conda
Extracting pysocks-1.7.1-pyha55dd90_7.conda
Extracting ruamel.yaml.clib-0.2.15-py313h54dd161_1.conda
Extracting setuptools-82.0.1-pyh332efcf_0.conda
Extracting tqdm-4.67.3-pyh8f84b5b_0.conda
Extracting truststore-0.10.4-pyhcf101f3_0.conda
Extracting cffi-2.0.0-py313hf46b229_1.conda
Extracting h2-4.3.0-pyhcf101f3_0.conda
Extracting jsonpatch-1.33-pyhd8ed1ab_1.conda
Extracting libmamba-spdlog-2.6.0-hf859cbd_0.conda
Extracting mamba-2.6.0-hf80e505_0.conda
Extracting ruamel.yaml-0.18.17-py313h54dd161_2.conda
Extracting libmambapy-2.6.0-py313h75b7c84_0.conda
Extracting urllib3-2.6.3-pyhd8ed1ab_0.conda
Extracting zstandard-0.25.0-py313h54dd161_1.conda
Extracting conda-package-streaming-0.12.0-pyhd8ed1ab_0.conda
Extracting requests-2.33.1-pyhcf101f3_1.conda
Extracting conda-libmamba-solver-26.4.0-pyhd8ed1ab_0.conda
Extracting conda-package-handling-2.4.0-pyh7900ff3_2.conda
Extracting conda-26.3.2-py313h78bf25f_1.conda

Installing base environment...

Transaction

  Prefix: /home/vscode/miniforge3

  Updating specs:

   - ca-certificates==2026.4.22=hbd8a1cb_0
   - libgomp==15.2.0=he0feb66_18
   - libzlib==1.3.2=h25fd6f3_2
   - nlohmann_json-abi==3.12.0=h0f90c79_1
   - pybind11-abi==11=hc364b38_1
   - python_abi==3.13=8_cp313
   - tzdata==2025c=hc9c84f9_1
   - _openmp_mutex==4.5=20_gnu
   - zstd==1.5.7=hb78ec9c_6
   - ld_impl_linux-64==2.45.1=default_hbd61a6d_102
   - libgcc==15.2.0=he0feb66_18
   - bzip2==1.0.8=hda65f42_9
   - c-ares==1.34.6=hb03c661_0
   - keyutils==1.6.3=hb9d3cd8_0
   - libexpat==2.7.5=hecca717_0
   - libffi==3.5.2=h3435931_0
   - libgcc-ng==15.2.0=h69a702a_18
   - libiconv==1.18=h3b78370_2
   - liblzma==5.8.3=hb03c661_0
   - libmpdec==4.0.0=hb03c661_1
   - libstdcxx==15.2.0=h934c35e_18
   - libuuid==2.42=h5347b49_0
   - lzo==2.10=h280c20c_1002
   - ncurses==6.6=hdb14827_0
   - openssl==3.6.2=h35e630c_0
   - reproc==14.2.7.post0=hb03c661_0
   - tk==8.6.13=noxft_h366c992_103
   - cpp-expected==1.3.1=h171cf75_0
   - fmt==12.1.0=hff5e90c_0
   - icu==78.3=h33c6efd_0
   - libedit==3.1.20250104=pl5321h7949ede_0
   - libev==4.33=hd590300_2
   - libmsgpack-c==6.1.0=h54a6638_6
   - libsolv==0.7.37=h9463b59_0
   - libssh2==1.11.1=hcf80075_0
   - lz4-c==1.10.0=h5888daf_1
   - readline==8.3=h853b02a_0
   - reproc-cpp==14.2.7.post0=hecca717_0
   - simdjson==4.6.3=hb700be7_0
   - yaml-cpp==0.8.0=h3f2d84a_0
   - krb5==1.22.2=ha1258a1_0
   - libnghttp2==1.68.1=h877daf1_0
   - libsqlite==3.53.0=hf4e2dac_0
   - libxml2-16==2.15.3=hca6bf5a_0
   - spdlog==1.17.0=hab81395_1
   - libcurl==8.20.0=hcf29cc6_0
   - libxml2==2.15.3=h49c6c72_0
   - python==3.13.13=h6add32d_100_cp313
   - libarchive==3.8.7=gpl_hc2c16d8_100
   - menuinst==2.4.2=py313h78bf25f_0
   - archspec==0.2.5=pyhd8ed1ab_0
   - backports.zstd==1.3.0=py313h18e8e13_0
   - boltons==25.0.0=pyhd8ed1ab_0
   - brotli-python==1.2.0=py313hf159716_1
   - certifi==2026.4.22=pyhd8ed1ab_0
   - charset-normalizer==3.4.7=pyhd8ed1ab_0
   - distro==1.9.0=pyhd8ed1ab_1
   - frozendict==2.4.7=py313h07c4f96_0
   - hpack==4.1.0=pyhd8ed1ab_0
   - hyperframe==6.1.0=pyhd8ed1ab_0
   - idna==3.13=pyhcf101f3_0
   - jsonpointer==3.1.1=pyhcf101f3_0
   - libmamba==2.6.0=hd28c85e_0
   - msgpack-python==1.1.2=py313h7037e92_1
   - packaging==26.2=pyhc364b38_0
   - pip==26.0.1=pyh145f28c_0
   - platformdirs==4.9.6=pyhcf101f3_0
   - pluggy==1.6.0=pyhf9edf01_1
   - pycosat==0.6.6=py313h07c4f96_3
   - pycparser==2.22=pyh29332c3_1
   - pysocks==1.7.1=pyha55dd90_7
   - ruamel.yaml.clib==0.2.15=py313h54dd161_1
   - setuptools==82.0.1=pyh332efcf_0
   - tqdm==4.67.3=pyh8f84b5b_0
   - truststore==0.10.4=pyhcf101f3_0
   - cffi==2.0.0=py313hf46b229_1
   - h2==4.3.0=pyhcf101f3_0
   - jsonpatch==1.33=pyhd8ed1ab_1
   - libmamba-spdlog==2.6.0=hf859cbd_0
   - mamba==2.6.0=hf80e505_0
   - ruamel.yaml==0.18.17=py313h54dd161_2
   - libmambapy==2.6.0=py313h75b7c84_0
   - urllib3==2.6.3=pyhd8ed1ab_0
   - zstandard==0.25.0=py313h54dd161_1
   - conda-package-streaming==0.12.0=pyhd8ed1ab_0
   - requests==2.33.1=pyhcf101f3_1
   - conda-libmamba-solver==26.4.0=pyhd8ed1ab_0
   - conda-package-handling==2.4.0=pyh7900ff3_2
   - conda==26.3.2=py313h78bf25f_1


  Package                         Version  Build                 Channel         Size
───────────────────────────────────────────────────────────────────────────────────────
  Install:
───────────────────────────────────────────────────────────────────────────────────────

  + _openmp_mutex                     4.5  20_gnu                conda-forge         
  + archspec                        0.2.5  pyhd8ed1ab_0          conda-forge         
  + backports.zstd                  1.3.0  py313h18e8e13_0       conda-forge         
  + boltons                        25.0.0  pyhd8ed1ab_0          conda-forge         
  + brotli-python                   1.2.0  py313hf159716_1       conda-forge         
  + bzip2                           1.0.8  hda65f42_9            conda-forge         
  + c-ares                         1.34.6  hb03c661_0            conda-forge         
  + ca-certificates             2026.4.22  hbd8a1cb_0            conda-forge         
  + certifi                     2026.4.22  pyhd8ed1ab_0          conda-forge         
  + cffi                            2.0.0  py313hf46b229_1       conda-forge         
  + charset-normalizer              3.4.7  pyhd8ed1ab_0          conda-forge         
  + conda                          26.3.2  py313h78bf25f_1       conda-forge         
  + conda-libmamba-solver          26.4.0  pyhd8ed1ab_0          conda-forge         
  + conda-package-handling          2.4.0  pyh7900ff3_2          conda-forge         
  + conda-package-streaming        0.12.0  pyhd8ed1ab_0          conda-forge         
  + cpp-expected                    1.3.1  h171cf75_0            conda-forge         
  + distro                          1.9.0  pyhd8ed1ab_1          conda-forge         
  + fmt                            12.1.0  hff5e90c_0            conda-forge         
  + frozendict                      2.4.7  py313h07c4f96_0       conda-forge         
  + h2                              4.3.0  pyhcf101f3_0          conda-forge         
  + hpack                           4.1.0  pyhd8ed1ab_0          conda-forge         
  + hyperframe                      6.1.0  pyhd8ed1ab_0          conda-forge         
  + icu                              78.3  h33c6efd_0            conda-forge         
  + idna                             3.13  pyhcf101f3_0          conda-forge         
  + jsonpatch                        1.33  pyhd8ed1ab_1          conda-forge         
  + jsonpointer                     3.1.1  pyhcf101f3_0          conda-forge         
  + keyutils                        1.6.3  hb9d3cd8_0            conda-forge         
  + krb5                           1.22.2  ha1258a1_0            conda-forge         
  + ld_impl_linux-64               2.45.1  default_hbd61a6d_102  conda-forge         
  + libarchive                      3.8.7  gpl_hc2c16d8_100      conda-forge         
  + libcurl                        8.20.0  hcf29cc6_0            conda-forge         
  + libedit                  3.1.20250104  pl5321h7949ede_0      conda-forge         
  + libev                            4.33  hd590300_2            conda-forge         
  + libexpat                        2.7.5  hecca717_0            conda-forge         
  + libffi                          3.5.2  h3435931_0            conda-forge         
  + libgcc                         15.2.0  he0feb66_18           conda-forge         
  + libgcc-ng                      15.2.0  h69a702a_18           conda-forge         
  + libgomp                        15.2.0  he0feb66_18           conda-forge         
  + libiconv                         1.18  h3b78370_2            conda-forge         
  + liblzma                         5.8.3  hb03c661_0            conda-forge         
  + libmamba                        2.6.0  hd28c85e_0            conda-forge         
  + libmamba-spdlog                 2.6.0  hf859cbd_0            conda-forge         
  + libmambapy                      2.6.0  py313h75b7c84_0       conda-forge         
  + libmpdec                        4.0.0  hb03c661_1            conda-forge         
  + libmsgpack-c                    6.1.0  h54a6638_6            conda-forge         
  + libnghttp2                     1.68.1  h877daf1_0            conda-forge         
  + libsolv                        0.7.37  h9463b59_0            conda-forge         
  + libsqlite                      3.53.0  hf4e2dac_0            conda-forge         
  + libssh2                        1.11.1  hcf80075_0            conda-forge         
  + libstdcxx                      15.2.0  h934c35e_18           conda-forge         
  + libuuid                          2.42  h5347b49_0            conda-forge         
  + libxml2                        2.15.3  h49c6c72_0            conda-forge         
  + libxml2-16                     2.15.3  hca6bf5a_0            conda-forge         
  + libzlib                         1.3.2  h25fd6f3_2            conda-forge         
  + lz4-c                          1.10.0  h5888daf_1            conda-forge         
  + lzo                              2.10  h280c20c_1002         conda-forge         
  + mamba                           2.6.0  hf80e505_0            conda-forge         
  + menuinst                        2.4.2  py313h78bf25f_0       conda-forge         
  + msgpack-python                  1.1.2  py313h7037e92_1       conda-forge         
  + ncurses                           6.6  hdb14827_0            conda-forge         
  + nlohmann_json-abi              3.12.0  h0f90c79_1            conda-forge         
  + openssl                         3.6.2  h35e630c_0            conda-forge         
  + packaging                        26.2  pyhc364b38_0          conda-forge         
  + pip                            26.0.1  pyh145f28c_0          conda-forge         
  + platformdirs                    4.9.6  pyhcf101f3_0          conda-forge         
  + pluggy                          1.6.0  pyhf9edf01_1          conda-forge         
  + pybind11-abi                       11  hc364b38_1            conda-forge         
  + pycosat                         0.6.6  py313h07c4f96_3       conda-forge         
  + pycparser                        2.22  pyh29332c3_1          conda-forge         
  + pysocks                         1.7.1  pyha55dd90_7          conda-forge         
  + python                        3.13.13  h6add32d_100_cp313    conda-forge         
  + python_abi                       3.13  8_cp313               conda-forge         
  + readline                          8.3  h853b02a_0            conda-forge         
  + reproc                   14.2.7.post0  hb03c661_0            conda-forge         
  + reproc-cpp               14.2.7.post0  hecca717_0            conda-forge         
  + requests                       2.33.1  pyhcf101f3_1          conda-forge         
  + ruamel.yaml                   0.18.17  py313h54dd161_2       conda-forge         
  + ruamel.yaml.clib               0.2.15  py313h54dd161_1       conda-forge         
  + setuptools                     82.0.1  pyh332efcf_0          conda-forge         
  + simdjson                        4.6.3  hb700be7_0            conda-forge         
  + spdlog                         1.17.0  hab81395_1            conda-forge         
  + tk                             8.6.13  noxft_h366c992_103    conda-forge         
  + tqdm                           4.67.3  pyh8f84b5b_0          conda-forge         
  + truststore                     0.10.4  pyhcf101f3_0          conda-forge         
  + tzdata                          2025c  hc9c84f9_1            conda-forge         
  + urllib3                         2.6.3  pyhd8ed1ab_0          conda-forge         
  + yaml-cpp                        0.8.0  h3f2d84a_0            conda-forge         
  + zstandard                      0.25.0  py313h54dd161_1       conda-forge         
  + zstd                            1.5.7  hb78ec9c_6            conda-forge         

  Summary:

  Install: 89 packages

  Total download: 0 B

───────────────────────────────────────────────────────────────────────────────────────



Transaction starting
Linking ca-certificates-2026.4.22-hbd8a1cb_0
Linking libgomp-15.2.0-he0feb66_18
Linking libzlib-1.3.2-h25fd6f3_2
Linking nlohmann_json-abi-3.12.0-h0f90c79_1
Linking pybind11-abi-11-hc364b38_1
Linking python_abi-3.13-8_cp313
Linking tzdata-2025c-hc9c84f9_1
Linking _openmp_mutex-4.5-20_gnu
Linking zstd-1.5.7-hb78ec9c_6
Linking ld_impl_linux-64-2.45.1-default_hbd61a6d_102
Linking libgcc-15.2.0-he0feb66_18
Linking bzip2-1.0.8-hda65f42_9
Linking c-ares-1.34.6-hb03c661_0
Linking keyutils-1.6.3-hb9d3cd8_0
Linking libexpat-2.7.5-hecca717_0
Linking libffi-3.5.2-h3435931_0
Linking libgcc-ng-15.2.0-h69a702a_18
Linking libiconv-1.18-h3b78370_2
Linking liblzma-5.8.3-hb03c661_0
Linking libmpdec-4.0.0-hb03c661_1
Linking libstdcxx-15.2.0-h934c35e_18
Linking libuuid-2.42-h5347b49_0
Linking lzo-2.10-h280c20c_1002
Linking ncurses-6.6-hdb14827_0
Linking openssl-3.6.2-h35e630c_0
Linking reproc-14.2.7.post0-hb03c661_0
Linking tk-8.6.13-noxft_h366c992_103
Linking cpp-expected-1.3.1-h171cf75_0
Linking fmt-12.1.0-hff5e90c_0
Linking icu-78.3-h33c6efd_0
Linking libedit-3.1.20250104-pl5321h7949ede_0
Linking libev-4.33-hd590300_2
Linking libmsgpack-c-6.1.0-h54a6638_6
Linking libsolv-0.7.37-h9463b59_0
Linking libssh2-1.11.1-hcf80075_0
Linking lz4-c-1.10.0-h5888daf_1
Linking readline-8.3-h853b02a_0
Linking reproc-cpp-14.2.7.post0-hecca717_0
Linking simdjson-4.6.3-hb700be7_0
Linking yaml-cpp-0.8.0-h3f2d84a_0
Linking krb5-1.22.2-ha1258a1_0
Linking libnghttp2-1.68.1-h877daf1_0
Linking libsqlite-3.53.0-hf4e2dac_0
Linking libxml2-16-2.15.3-hca6bf5a_0
Linking spdlog-1.17.0-hab81395_1
Linking libcurl-8.20.0-hcf29cc6_0
Linking libxml2-2.15.3-h49c6c72_0
Linking python-3.13.13-h6add32d_100_cp313
Linking libarchive-3.8.7-gpl_hc2c16d8_100
Linking menuinst-2.4.2-py313h78bf25f_0
Linking archspec-0.2.5-pyhd8ed1ab_0
Linking backports.zstd-1.3.0-py313h18e8e13_0
Linking boltons-25.0.0-pyhd8ed1ab_0
Linking brotli-python-1.2.0-py313hf159716_1
Linking certifi-2026.4.22-pyhd8ed1ab_0
Linking charset-normalizer-3.4.7-pyhd8ed1ab_0
Linking distro-1.9.0-pyhd8ed1ab_1
Linking frozendict-2.4.7-py313h07c4f96_0
Linking hpack-4.1.0-pyhd8ed1ab_0
Linking hyperframe-6.1.0-pyhd8ed1ab_0
Linking idna-3.13-pyhcf101f3_0
Linking jsonpointer-3.1.1-pyhcf101f3_0
Linking libmamba-2.6.0-hd28c85e_0
Linking msgpack-python-1.1.2-py313h7037e92_1
Linking packaging-26.2-pyhc364b38_0
Linking pip-26.0.1-pyh145f28c_0
Linking platformdirs-4.9.6-pyhcf101f3_0
Linking pluggy-1.6.0-pyhf9edf01_1
Linking pycosat-0.6.6-py313h07c4f96_3
Linking pycparser-2.22-pyh29332c3_1
Linking pysocks-1.7.1-pyha55dd90_7
Linking ruamel.yaml.clib-0.2.15-py313h54dd161_1
Linking setuptools-82.0.1-pyh332efcf_0
Linking tqdm-4.67.3-pyh8f84b5b_0
Linking truststore-0.10.4-pyhcf101f3_0
Linking cffi-2.0.0-py313hf46b229_1
Linking h2-4.3.0-pyhcf101f3_0
Linking jsonpatch-1.33-pyhd8ed1ab_1
Linking libmamba-spdlog-2.6.0-hf859cbd_0
Linking mamba-2.6.0-hf80e505_0
Linking ruamel.yaml-0.18.17-py313h54dd161_2
Linking libmambapy-2.6.0-py313h75b7c84_0
Linking urllib3-2.6.3-pyhd8ed1ab_0
Linking zstandard-0.25.0-py313h54dd161_1
Linking conda-package-streaming-0.12.0-pyhd8ed1ab_0
Linking requests-2.33.1-pyhcf101f3_1
Linking conda-libmamba-solver-26.4.0-pyhd8ed1ab_0
Linking conda-package-handling-2.4.0-pyh7900ff3_2
Linking conda-26.3.2-py313h78bf25f_1

Transaction finished

installation finished.
WARNING: The MAMBA_ROOT_PREFIX environment variable is not set.
WARNING: This is required for mamba to work correctly as of 2.0.
WARNING: 
WARNING: For now, we are setting 'MAMBA_ROOT_PREFIX' to '/home/vscode/miniforge3'.
WARNING: 
WARNING: Please make sure this is consistent with your installation or alternatively (by order of preference):
WARNING:   - rerun 'mamba shell init' to initialize mamba for your current shell
WARNING:   - manually set 'MAMBA_ROOT_PREFIX' to the root of your installation in your shell profile script.
WARNING:   - use the '-r,--root-prefix' CLI option when calling mamba.
WARNING: 
WARNING: This message originates from /home/vscode/miniforge3/etc/profile.d/mamba.sh
[2/4] Criando ambiente bioinfo...
⚠ Shard Index for bioconda/linux-64 not available, falling back to flat repodata
Using Flat Repodata for bioconda/linux-64                                                       ✔ Starting
Using Flat Repodata for bioconda/linux-64                                                ✔ Done (20.2 sec)
⚠ Shard Index for bioconda/noarch not available, falling back to flat repodata
Using Flat Repodata for bioconda/noarch                                                         ✔ Starting
Using Flat Repodata for bioconda/noarch                                                   ✔ Done (5.1 sec)
Fetch Shard Index for conda-forge/linux-64                                                      ⧖ Starting
Fetch Shard Index for conda-forge/linux-64                                                ✔ Done (0.1 sec)
Fetch Shard Index for conda-forge/noarch                                                        ⧖ Starting
Fetch Shard Index for conda-forge/noarch                                                  ✔ Done (0.1 sec)
Fetching and Parsing Packages' Shards                                                           ⧖ Starting
warning  libmamba Failed to parse field 'noarch' (msgpack type=1) in shard package record for 'tensorboard-2.1.1-py38_0.tar.bz2': Expected STR or BIN type for string conversion. This field will be ignored.
Fetching and Parsing Packages' Shards                                                    ✔ Done (40.4 sec)
Using Cached Shard Index for conda-forge/linux-64                                                   ✔ Done
Using Cached Shard Index for conda-forge/noarch                                                     ✔ Done
Fetching and Parsing Packages' Shards                                                           ⧖ Starting
warning  libmamba Failed to parse field 'noarch' (msgpack type=1) in shard package record for 'tensorboard-2.1.1-py38_0.tar.bz2': Expected STR or BIN type for string conversion. This field will be ignored.
Fetching and Parsing Packages' Shards                                                     ✔ Done (1.6 sec)
Parsing Packages' Records                                                               ✔ Done (353.9 sec)

Resolving Environment                                                                           ⧖ Starting
Resolving Environment                                                                    ✔ Done (21.9 sec)

Transaction

  Prefix: /home/vscode/miniforge3/envs/bioinfo

  Updating specs:

   - python=3.11
   - seqkit
   - fastqc=0.12.1
   - multiqc
   - fastp
   - trimmomatic
   - spades
   - quast
   - busco
   - prokka
   - bwa-mem2
   - bowtie2
   - samtools
   - bcftools
   - stacks
   - vcftools
   - entrez-direct
   - sra-tools
   - r-base=4.4.1
   - r-tidyverse
   - r-ggplot2
   - r-vegan
   - r-adegenet
   - r-ape
   - wget
   - curl
   - tree
   - pip


  Package                                           Version  Build                  Channel           Size
────────────────────────────────────────────────────────────────────────────────────────────────────────────
  Install:
────────────────────────────────────────────────────────────────────────────────────────────────────────────

  + _openmp_mutex                                       4.5  20_gnu                 conda-forge     Cached
  + _python_abi3_support                                1.0  hd8ed1ab_2             conda-forge        8kB
  + _r-mutex                                          1.0.1  anacondar_1            conda-forge        4kB
  + alsa-lib                                       1.2.15.3  hb03c661_0             conda-forge      585kB
  + annotated-types                                   0.7.0  pyhd8ed1ab_1           conda-forge       18kB
  + any2fasta                                         0.8.1  hdfd78af_0             bioconda          24kB
  + aom                                               3.9.1  hac33072_0             conda-forge        3MB
  + aragorn                                          1.2.41  h7b50bb2_5             bioconda         148kB
  + archspec                                          0.2.5  pyhd8ed1ab_0           conda-forge     Cached
  + argtable2                                          2.13  hd590300_1004          conda-forge        2MB
  + aria2                                            1.37.0  h4e1c2bf_3             conda-forge        2MB
  + attrs                                            26.1.0  pyhcf101f3_0           conda-forge       65kB
  + augustus                                          3.5.0  pl5321h95201ac_4       bioconda          33MB
  + backports.zstd                                    1.5.0  py311h6b1f9c4_0        conda-forge      247kB
  + bamtools                                          2.5.3  he132191_0             bioconda         784kB
  + barrnap                                          1.10.6  pl5321hdfd78af_0       bioconda         274MB
  + bbmap                                             39.01  h92535d8_1             bioconda           9MB
  + bcftools                                         1.23.1  hb2cee57_0             bioconda         949kB
  + bedtools                                         2.31.1  h13024bc_3             bioconda           2MB
  + binutils_impl_linux-64                           2.45.1  default_hfdba357_102   conda-forge        4MB
  + biopython                                          1.87  py311h49ec1c0_0        conda-forge        3MB
  + blast                                            2.16.0  h66d330f_5             bioconda         148MB
  + blast-legacy                                     2.2.26  hf7ff83a_5             bioconda          46MB
  + blosc                                            1.21.6  he440d0b_1             conda-forge       48kB
  + boost-cpp                                        1.85.0  h3c6214e_4             conda-forge       18kB
  + bowtie2                                           2.5.5  ha27dd3b_0             bioconda          12MB
  + brotli                                            1.2.0  hed03a55_1             conda-forge       20kB
  + brotli-bin                                        1.2.0  hb03c661_1             conda-forge       21kB
  + brotli-python                                     1.2.0  py311h66f275b_1        conda-forge      368kB
  + busco                                             6.0.0  pyhdfd78af_3           bioconda         350kB
  + bwa                                              0.7.19  h577a1d6_1             bioconda         654kB
  + bwa-mem2                                            2.3  he70b90d_0             bioconda           3MB
  + bwidget                                          1.10.1  ha770c72_1             conda-forge      130kB
  + bzip2                                             1.0.8  hda65f42_9             conda-forge     Cached
  + c-ares                                           1.34.6  hb03c661_0             conda-forge     Cached
  + ca-certificates                               2026.4.22  hbd8a1cb_0             conda-forge     Cached
  + cairo                                            1.18.4  h3394656_0             conda-forge      978kB
  + cdbtools                                           0.99  h077b44d_12            bioconda          80kB
  + certifi                                       2026.4.22  pyhd8ed1ab_0           conda-forge     Cached
  + charset-normalizer                                3.4.7  pyhd8ed1ab_0           conda-forge     Cached
  + circos                                           0.69.9  hdfd78af_0             bioconda          28MB
  + click                                             8.3.3  pyhc90fa1f_0           conda-forge      100kB
  + clustalo                                          1.2.4  h503566f_10            bioconda         219kB
  + clustalw                                            2.1  h9948957_12            bioconda         385kB
  + coloredlogs                                      15.0.1  pyhd8ed1ab_4           conda-forge       44kB
  + colormath                                         3.0.0  pyhd8ed1ab_4           conda-forge       39kB
  + consan                                              1.2  h7b50bb2_7             bioconda           1MB
  + contourpy                                         1.3.3  py311h724c32c_4        conda-forge      321kB
  + cpython                                         3.11.15  py311hd8ed1ab_0        conda-forge       48kB
  + curl                                             8.20.0  hcf29cc6_0             conda-forge      191kB
  + cycler                                           0.12.1  pyhcf101f3_2           conda-forge       15kB
  + dav1d                                             1.2.1  hd590300_0             conda-forge      760kB
  + dendropy                                          5.0.8  pyhdfd78af_1           bioconda         335kB
  + dialign-tx                                        1.0.2  h7b50bb2_8             bioconda          53kB
  + diamond                                           2.2.0  he361c42_0             bioconda           3MB
  + dnspython                                         2.8.0  pyhcf101f3_0           conda-forge      196kB
  + entrez-direct                                      22.4  he881be0_0             bioconda          15MB
  + expat                                             2.8.0  hecca717_0             conda-forge      148kB
  + famsa                                             2.2.3  h9948957_1             bioconda         527kB
  + fastp                                             1.3.3  h43da1c4_0             bioconda           3MB
  + fastqc                                           0.12.1  hdfd78af_0             bioconda          12MB
  + fasttree                                          2.2.0  h7b50bb2_1             bioconda         198kB
  + font-ttf-dejavu-sans-mono                          2.37  hab24e00_0             conda-forge      397kB
  + font-ttf-inconsolata                              3.000  h77eed37_0             conda-forge       97kB
  + font-ttf-source-code-pro                          2.038  h77eed37_0             conda-forge      701kB
  + font-ttf-ubuntu                                    0.83  h77eed37_3             conda-forge        2MB
  + fontconfig                                       2.17.1  h27c8c51_0             conda-forge      271kB
  + fonts-conda-ecosystem                                 1  0                      conda-forge        4kB
  + fonts-conda-forge                                     1  hc364b38_1             conda-forge        4kB
  + fonttools                                        4.63.0  py311h3778330_0        conda-forge        3MB
  + freetype                                         2.14.3  ha770c72_0             conda-forge      174kB
  + freexl                                            2.0.0  h9dce30a_2             conda-forge       59kB
  + fribidi                                          1.0.16  hb03c661_0             conda-forge       61kB
  + gawk                                              5.4.0  h0a3468a_0             conda-forge        2MB
  + gcc_impl_linux-64                                15.2.0  he0086c7_19            conda-forge       81MB
  + geos                                             3.13.0  h5888daf_0             conda-forge        2MB
  + geotiff                                           1.7.4  h3551947_0             conda-forge      129kB
  + gfortran_impl_linux-64                           15.2.0  h281d09f_19            conda-forge       20MB
  + giflib                                            5.2.2  hd590300_0             conda-forge       77kB
  + glimmerhmm                                        3.0.4  pl5321h503566f_10      bioconda          38MB
  + glpk                                                5.0  h445213a_0             conda-forge        1MB
  + gmp                                               6.3.0  hac33072_2             conda-forge      460kB
  + gnutls                                           3.8.13  h18acefa_0             conda-forge        2MB
  + graphite2                                        1.3.14  hecca717_2             conda-forge      100kB
  + gsl                                                 2.7  he838d99_0             conda-forge        3MB
  + gxx_impl_linux-64                                15.2.0  hda75c37_19            conda-forge       16MB
  + gzip                                               1.14  hb9d3cd8_0             conda-forge      124kB
  + h2                                                4.3.0  pyhcf101f3_0           conda-forge     Cached
  + harfbuzz                                         11.0.0  h76408a6_0             conda-forge        2MB
  + hmmer                                               3.4  hb6cb901_4             bioconda          12MB
  + hpack                                             4.1.0  pyhd8ed1ab_0           conda-forge     Cached
  + htslib                                           1.23.1  h633afcb_0             bioconda           1MB
  + humanfriendly                                      10.0  pyh707e725_8           conda-forge       74kB
  + humanize                                         4.15.0  pyhd8ed1ab_0           conda-forge       68kB
  + hyperframe                                        6.1.0  pyhd8ed1ab_0           conda-forge     Cached
  + icu                                                75.1  he02047a_0             conda-forge       12MB
  + idna                                               3.13  pyhcf101f3_0           conda-forge     Cached
  + importlib-metadata                                8.8.0  pyhcf101f3_0           conda-forge       34kB
  + infernal                                          1.1.5  pl5321h7b50bb2_4       bioconda           4MB
  + isa-l                                            2.31.1  hb9d3cd8_1             conda-forge      157kB
  + jinja2                                            3.1.6  pyhcf101f3_1           conda-forge      121kB
  + joblib                                            1.5.3  pyhd8ed1ab_0           conda-forge      226kB
  + json-c                                             0.18  h6688a6e_0             conda-forge       83kB
  + jsoncpp                                           1.9.6  hf42df4d_1             conda-forge      169kB
  + jsonschema                                       4.26.0  pyhcf101f3_0           conda-forge       82kB
  + jsonschema-specifications                      2025.9.1  pyhcf101f3_0           conda-forge       19kB
  + k8                                                  1.2  he8db53b_6             bioconda           8MB
  + kaleido-core                                      0.2.1  h3644ca4_0             conda-forge       62MB
  + kalign2                                            2.04  h7b50bb2_8             bioconda         106kB
  + kernel-headers_linux-64                          6.12.0  he073ed8_6             conda-forge        2MB
  + keyutils                                          1.6.3  hb9d3cd8_0             conda-forge     Cached
  + kiwisolver                                        1.5.0  py311h724c32c_0        conda-forge       78kB
  + krb5                                             1.22.2  ha1258a1_0             conda-forge     Cached
  + lcms2                                            2.19.1  h0c24ade_0             conda-forge      251kB
  + ld_impl_linux-64                                 2.45.1  default_hbd61a6d_102   conda-forge     Cached
  + lerc                                              4.1.0  hdb68285_0             conda-forge      262kB
  + libabseil                                    20250512.1  cxx17_hba17884_0       conda-forge        1MB
  + libarchive                                        3.7.7  h75ea233_4             conda-forge      866kB
  + libasprintf                                      0.25.1  h3f43e3d_1             conda-forge       54kB
  + libavif16                                         1.4.1  hcfa2d63_0             conda-forge      149kB
  + libblas                                          3.11.0  7_h4a7cf45_openblas    conda-forge       19kB
  + libboost                                         1.85.0  h0ccab89_4             conda-forge        3MB
  + libboost-devel                                   1.85.0  h00ab1b0_4             conda-forge       41kB
  + libboost-headers                                 1.85.0  ha770c72_4             conda-forge       14MB
  + libbrotlicommon                                   1.2.0  hb03c661_1             conda-forge       80kB
  + libbrotlidec                                      1.2.0  hb03c661_1             conda-forge       35kB
  + libbrotlienc                                      1.2.0  hb03c661_1             conda-forge      298kB
  + libcblas                                         3.11.0  7_h0358290_openblas    conda-forge       19kB
  + libcups                                           2.3.3  h7a8fb5f_6             conda-forge        5MB
  + libcurl                                          8.20.0  hcf29cc6_0             conda-forge     Cached
  + libdb                                            6.2.32  h9c3ff4c_0             conda-forge       24MB
  + libde265                                         1.0.15  h00ab1b0_0             conda-forge      412kB
  + libdeflate                                         1.25  h17f619e_0             conda-forge       73kB
  + libedit                                    3.1.20250104  pl5321h7949ede_0       conda-forge     Cached
  + libev                                              4.33  hd590300_2             conda-forge     Cached
  + libexpat                                          2.8.0  hecca717_0             conda-forge       77kB
  + libffi                                            3.5.2  h3435931_0             conda-forge     Cached
  + libfreetype                                      2.14.3  ha770c72_0             conda-forge        8kB
  + libfreetype6                                     2.14.3  h73754d4_0             conda-forge      385kB
  + libgcc                                           15.2.0  he0feb66_19            conda-forge        1MB
  + libgcc-devel_linux-64                            15.2.0  hcc6f6b0_119           conda-forge        3MB
  + libgcc-ng                                        15.2.0  h69a702a_19            conda-forge       28kB
  + libgd                                             2.3.3  h6f5c62b_11            conda-forge      177kB
  + libgdal-core                                     3.10.2  h3359108_0             conda-forge       11MB
  + libgettextpo                                     0.25.1  h3f43e3d_1             conda-forge      188kB
  + libgfortran                                      15.2.0  h69a702a_19            conda-forge       28kB
  + libgfortran-ng                                   15.2.0  h69a702a_19            conda-forge       28kB
  + libgfortran5                                     15.2.0  h68bc16d_19            conda-forge        2MB
  + libglib                                          2.84.0  h2ff4ddf_0             conda-forge        4MB
  + libgomp                                          15.2.0  he0feb66_19            conda-forge      604kB
  + libheif                                          1.19.7  gpl_hc18d805_100       conda-forge      597kB
  + libhwloc                                         2.12.1  default_h3d81e11_1000  conda-forge        2MB
  + libhwy                                            1.3.0  h4c17acf_1             conda-forge        1MB
  + libiconv                                           1.18  h3b78370_2             conda-forge     Cached
  + libidn11                                           1.34  h1cef754_0             conda-forge      233kB
  + libidn2                                           2.3.8  hfac485b_1             conda-forge      139kB
  + libjpeg-turbo                                   3.1.4.1  hb03c661_0             conda-forge      634kB
  + libkml                                            1.3.0  haa4a5bd_1023          conda-forge      413kB
  + liblapack                                        3.11.0  7_h47877c9_openblas    conda-forge       19kB
  + liblzma                                           5.8.3  hb03c661_0             conda-forge     Cached
  + liblzma-devel                                     5.8.3  hb03c661_0             conda-forge      491kB
  + libnghttp2                                       1.68.1  h877daf1_0             conda-forge     Cached
  + libnsl                                            2.0.1  hb9d3cd8_1             conda-forge       34kB
  + libopenblas                                      0.3.33  pthreads_h94d23a6_0    conda-forge        6MB
  + libopenssl-static                                 3.6.2  hb03c661_0             conda-forge        3MB
  + libpng                                           1.6.58  h421ea60_0             conda-forge      318kB
  + librttopo                                         1.1.0  h97f6797_17            conda-forge      232kB
  + libsanitizer                                     15.2.0  h90f66d4_19            conda-forge        8MB
  + libspatialite                                     5.1.0  h1b4f908_12            conda-forge        4MB
  + libsqlite                                        3.53.1  h0c1763c_0             conda-forge      955kB
  + libssh2                                          1.11.1  hcf80075_0             conda-forge     Cached
  + libstdcxx                                        15.2.0  h934c35e_19            conda-forge        6MB
  + libstdcxx-devel_linux-64                         15.2.0  hd446a21_119           conda-forge       21MB
  + libstdcxx-ng                                     15.2.0  hdf11a46_19            conda-forge       28kB
  + libtasn1                                         4.21.0  hb03c661_0             conda-forge      117kB
  + libtiff                                           4.7.1  h9d88235_1             conda-forge      435kB
  + libudunits2                                      2.2.28  h40f5838_3             conda-forge       81kB
  + libunistring                                     0.9.10  h7f98852_0             conda-forge        1MB
  + libuuid                                            2.42  h5347b49_0             conda-forge     Cached
  + libuv                                            1.51.0  hb03c661_1             conda-forge      895kB
  + libwebp-base                                      1.6.0  hd42ef1d_0             conda-forge      429kB
  + libxcb                                           1.17.0  h8a09558_0             conda-forge      396kB
  + libxcrypt                                        4.4.36  hd590300_1             conda-forge      100kB
  + libxml2                                          2.13.9  h04c0eec_0             conda-forge      697kB
  + libzlib                                           1.3.2  h25fd6f3_2             conda-forge     Cached
  + lp_solve                                       5.5.2.11  hd590300_0             conda-forge      410kB
  + lz4-c                                            1.10.0  h5888daf_1             conda-forge     Cached
  + lzo                                                2.10  h280c20c_1002          conda-forge     Cached
  + mafft                                             7.526  h4bc722e_0             conda-forge        3MB
  + make                                              4.4.1  hb9d3cd8_2             conda-forge      513kB
  + markdown                                         3.10.2  pyhcf101f3_0           conda-forge       86kB
  + markdown-it-py                                    4.2.0  pyhd8ed1ab_0           conda-forge       69kB
  + markupsafe                                        3.0.3  py311h3778330_1        conda-forge       27kB
  + mathjax                                           2.7.7  ha770c72_3             conda-forge       22MB
  + matplotlib-base                                  3.10.9  py311h0f3be63_0        conda-forge        8MB
  + mdurl                                             0.1.2  pyhd8ed1ab_1           conda-forge       14kB
  + metaeuk                                       7.bba0d80  pl5321hd6d6fdc_2       bioconda           5MB
  + metis                                             5.1.0  hd0bcaf9_1007          conda-forge        4MB
  + minced                                            0.4.2  hdfd78af_1             bioconda          48kB
  + minimap2                                           2.30  h577a1d6_0             bioconda           1MB
  + miniprot                                           0.18  h577a1d6_0             bioconda          71kB
  + minizip                                           4.2.1  hb71707f_0             conda-forge      521kB
  + mmseqs2                                        18.8cc5c  hd6d6fdc_0             bioconda         133MB
  + mpfr                                              4.2.2  he0a73b1_0             conda-forge      730kB
  + mpi                                                 1.0  openmpi                conda-forge        4kB
  + multiqc                                            1.35  pyhdfd78af_0           bioconda           4MB
  + munkres                                           1.1.4  pyhd8ed1ab_1           conda-forge       16kB
  + muscle                                         3.8.1551  h9948957_9             bioconda         274kB
  + mustang                                           3.2.4  h9948957_0             bioconda         115kB
  + mysql-connector-c                                6.1.11  h659d440_1008          conda-forge        1MB
  + narwhals                                         2.21.0  pyhcf101f3_0           conda-forge      285kB
  + natsort                                           8.4.0  pyhcf101f3_2           conda-forge       39kB
  + ncbi-vdb                                          3.4.1  hd63eeec_0             bioconda           9MB
  + ncurses                                             6.6  hdb14827_0             conda-forge     Cached
  + nettle                                           3.10.1  h4a9d5aa_0             conda-forge        1MB
  + networkx                                          3.6.1  pyhcf101f3_0           conda-forge        2MB
  + nspr                                               4.38  h29cc59b_0             conda-forge      229kB
  + nss                                               3.118  h445c969_0             conda-forge        2MB
  + numpy                                             2.4.4  py311h2e04523_0        conda-forge        9MB
  + openjdk                                          23.0.2  h53dfc1b_2             conda-forge      190MB
  + openjpeg                                          2.5.4  h55fea9a_0             conda-forge      355kB
  + openmpi                                           4.1.6  hc5af2df_101           conda-forge        4MB
  + openssl                                           3.6.2  h35e630c_0             conda-forge     Cached
  + ossuuid                                           1.6.2  h5888daf_1001          conda-forge       54kB
  + p11-kit                                          0.26.2  h3435931_0             conda-forge        4MB
  + packaging                                          26.2  pyhc364b38_0           conda-forge     Cached
  + paml                                            4.10.10  h87e0c26_2             bioconda         691kB
  + pandas                                            3.0.3  py311h8032f78_0        conda-forge       15MB
  + pandoc                                          3.9.0.2  ha770c72_0             conda-forge       22MB
  + pango                                            1.56.3  h9ac818e_1             conda-forge      453kB
  + parallel                                       20260422  ha770c72_0             conda-forge        2MB
  + pasta                                             1.9.2  py311hefa8cab_5        bioconda           1MB
  + pbzip2                                           1.1.13  h1fcc475_2             conda-forge       42kB
  + pcre                                               8.45  h9c3ff4c_0             conda-forge      259kB
  + pcre2                                             10.44  hc749103_2             conda-forge      956kB
  + perl                                             5.32.1  7_hd590300_perl5       conda-forge       13MB
  + perl-algorithm-diff                               1.201  pl5321hd8ed1ab_0       conda-forge       33kB
  + perl-alien-build                                   2.84  pl5321h7b50bb2_1       bioconda         200kB
  + perl-alien-libxml2                                 0.17  pl5321h577a1d6_1       bioconda          14kB
  + perl-app-cpanminus                               1.7048  pl5321hd8ed1ab_0       conda-forge      230kB
  + perl-archive-tar                                   3.06  pl5321hdfd78af_0       bioconda          38kB
  + perl-b-cow                                        0.007  pl5321hb9d3cd8_1       conda-forge       21kB
  + perl-base                                          2.23  pl5321hd8ed1ab_0       conda-forge       20kB
  + perl-bio-asn1-entrezgene                           1.73  pl5321hdfd78af_3       bioconda          25kB
  + perl-bio-coordinate                            1.007001  pl5321hdfd78af_3       bioconda          37kB
  + perl-bio-featureio                              1.6.905  pl5321hdfd78af_4       bioconda          42kB
  + perl-bio-samtools                                  1.43  pl5321h577a1d6_6       bioconda         708kB
  + perl-bio-searchio-hmmer                           1.7.3  pl5321hdfd78af_0       bioconda          59kB
  + perl-bio-tools-phylo-paml                         1.7.3  pl5321hdfd78af_3       bioconda          59kB
  + perl-bio-tools-run-alignment-clustalw             1.7.4  pl5321hdfd78af_3       bioconda          26kB
  + perl-bio-tools-run-alignment-tcoffee              1.7.4  pl5321hdfd78af_5       bioconda          26kB
  + perl-bioperl                                      1.7.8  hdfd78af_1             bioconda           6kB
  + perl-bioperl-core                                 1.7.8  pl5321hdfd78af_1       bioconda           2MB
  + perl-bioperl-run                               1.007003  pl5321hdfd78af_0       bioconda         348kB
  + perl-business-isbn                                3.007  pl5321hd8ed1ab_0       conda-forge       18kB
  + perl-business-isbn-data                    20210112.006  pl5321hd8ed1ab_0       conda-forge       22kB
  + perl-capture-tiny                                  0.48  pl5321ha770c72_1       conda-forge       17kB
  + perl-carp                                          1.50  pl5321hd8ed1ab_0       conda-forge       22kB
  + perl-class-data-inheritable                        0.09  pl5321ha770c72_0       conda-forge       17kB
  + perl-class-method-modifiers                        2.13  pl5321ha770c72_0       conda-forge       22kB
  + perl-clone                                         0.46  pl5321hb9d3cd8_1       conda-forge       23kB
  + perl-common-sense                                  3.75  pl5321hd8ed1ab_0       conda-forge       20kB
  + perl-compress-raw-bzip2                           2.214  pl5321hda65f42_0       conda-forge       56kB
  + perl-compress-raw-zlib                            2.214  pl5321h4dac143_0       conda-forge       81kB
  + perl-config-general                                2.67  pl5321hdfd78af_0       bioconda          46kB
  + perl-constant                                      1.33  pl5321hd8ed1ab_0       conda-forge       16kB
  + perl-data-dump                                     1.25  pl5321h7b50bb2_2       bioconda          25kB
  + perl-data-dumper                                  2.183  pl5321hb9d3cd8_1       conda-forge       46kB
  + perl-db_file                                      1.858  pl5321hb9d3cd8_0       conda-forge       64kB
  + perl-dbi                                          1.647  pl5321hb03c661_0       conda-forge      601kB
  + perl-devel-stacktrace                              2.04  pl5321h296ab09_0       conda-forge       20kB
  + perl-digest-hmac                                   1.05  pl5321hdfd78af_0       bioconda          13kB
  + perl-digest-md5                                    2.59  pl5321hb9d3cd8_3       conda-forge       28kB
  + perl-digest-perl-md5                               1.91  pl5321hdfd78af_0       bioconda          16kB
  + perl-encode                                        3.21  pl5321hb9d3cd8_1       conda-forge        2MB
  + perl-encode-locale                                 1.05  pl5321hdfd78af_7       bioconda          14kB
  + perl-exception-class                               1.45  pl5321ha770c72_0       conda-forge       29kB
  + perl-exporter                                      5.74  pl5321hd8ed1ab_0       conda-forge       19kB
  + perl-exporter-tiny                             1.002002  pl5321hd8ed1ab_0       conda-forge       29kB
  + perl-extutils-config                              0.008  pl5321ha770c72_0       conda-forge       16kB
  + perl-extutils-helpers                             0.026  pl5321ha770c72_0       conda-forge       19kB
  + perl-extutils-installpaths                        0.012  pl5321ha770c72_0       conda-forge       22kB
  + perl-extutils-makemaker                            7.70  pl5321hd8ed1ab_0       conda-forge      157kB
  + perl-extutils-pl2bat                              0.005  pl5321ha770c72_0       conda-forge       23kB
  + perl-ffi-checklib                                  0.28  pl5321hdfd78af_0       bioconda          16kB
  + perl-file-chdir                                  0.1011  pl5321hd8ed1ab_0       conda-forge       17kB
  + perl-file-listing                                  6.16  pl5321hdfd78af_0       bioconda          15kB
  + perl-file-path                                     2.18  pl5321hd8ed1ab_0       conda-forge       22kB
  + perl-file-slurper                                 0.014  pl5321hdfd78af_0       bioconda          12kB
  + perl-file-sort                                     1.01  pl5321hdfd78af_3       bioconda          21kB
  + perl-file-spec                                  3.48_01  pl5321hdfd78af_2       bioconda           6kB
  + perl-file-temp                                   0.2304  pl5321hd8ed1ab_0       conda-forge       32kB
  + perl-file-which                                    1.24  pl5321hd8ed1ab_0       conda-forge       17kB
  + perl-font-ttf                                      1.06  pl5321hdfd78af_1       bioconda         206kB
  + perl-gd                                            2.84  pl5321hc25ab4d_0       bioconda         110kB
  + perl-getopt-long                                   2.58  pl5321hdfd78af_0       bioconda          34kB
  + perl-html-parser                                   3.81  pl5321h4ac6f70_1       bioconda          70kB
  + perl-html-tagset                                   3.24  pl5321hdfd78af_0       bioconda          15kB
  + perl-http-cookiejar-lwp                           0.014  pl5321hdfd78af_0       bioconda          18kB
  + perl-http-cookies                                  6.11  pl5321hdfd78af_0       bioconda          24kB
  + perl-http-daemon                                   6.16  pl5321hdfd78af_0       bioconda          22kB
  + perl-http-date                                     6.06  pl5321hdfd78af_0       bioconda          15kB
  + perl-http-message                                  7.01  pl5321hdfd78af_0       bioconda          59kB
  + perl-http-negotiate                                6.01  pl5321hdfd78af_4       bioconda          15kB
  + perl-importer                                     0.026  pl5321hd8ed1ab_0       conda-forge       27kB
  + perl-inc-latest                                   0.500  pl5321ha770c72_0       conda-forge       16kB
  + perl-io-compress                                  2.216  pl5321h503566f_0       bioconda          87kB
  + perl-io-html                                      1.004  pl5321hdfd78af_0       bioconda          16kB
  + perl-io-socket-ssl                                2.075  pl5321hd8ed1ab_0       conda-forge      171kB
  + perl-io-string                                     1.08  pl5321hdfd78af_4       bioconda          12kB
  + perl-io-tty                                        1.23  pl5321hb03c661_0       conda-forge       37kB
  + perl-io-zlib                                       1.15  pl5321hdfd78af_1       bioconda          13kB
  + perl-ipc-run                                 20250809.0  pl5321hdfd78af_0       bioconda          85kB
  + perl-json                                          4.11  pl5321hdfd78af_0       bioconda          53kB
  + perl-json-xs                                       4.04  pl5321h9948957_0       bioconda          71kB
  + perl-libwww-perl                                   6.82  pl5321hdfd78af_0       bioconda         103kB
  + perl-libxml-perl                                   0.08  pl5321hdfd78af_3       bioconda          41kB
  + perl-list-moreutils                               0.430  pl5321hdfd78af_0       bioconda          32kB
  + perl-list-moreutils-xs                            0.430  pl5321h7b50bb2_5       bioconda          52kB
  + perl-lwp-mediatypes                                6.04  pl5321hdfd78af_1       bioconda          24kB
  + perl-lwp-protocol-https                            6.15  pl5321hdfd78af_0       bioconda          13kB
  + perl-math-bezier                                   0.01  pl5321hdfd78af_2       bioconda          10kB
  + perl-math-round                                    0.07  pl5321ha770c72_0       conda-forge       18kB
  + perl-math-vecstat                                  0.08  pl5321hdfd78af_2       bioconda          12kB
  + perl-mime-base64                                   3.16  pl5321hb9d3cd8_3       conda-forge       23kB
  + perl-module-build                                0.4234  pl5321ha770c72_1       conda-forge      137kB
  + perl-module-build-tiny                            0.039  pl5321h166bdaf_0       conda-forge       19kB
  + perl-module-implementation                         0.09  pl5321hdfd78af_3       bioconda          12kB
  + perl-module-load                                   0.34  pl5321hdfd78af_0       bioconda           6kB
  + perl-module-runtime                               0.016  pl5321ha770c72_1       conda-forge       23kB
  + perl-moo                                       2.005004  pl5321ha770c72_0       conda-forge       48kB
  + perl-mozilla-ca                                20250602  pl5321hdfd78af_0       bioconda         133kB
  + perl-net-http                                      6.24  pl5321hdfd78af_0       bioconda          23kB
  + perl-net-ssleay                                    1.96  pl5321h34fdc24_0       conda-forge      293kB
  + perl-ntlm                                          1.09  pl5321hdfd78af_5       bioconda          16kB
  + perl-number-format                                 1.76  pl5321hd8ed1ab_0       conda-forge       34kB
  + perl-parallel-forkmanager                          2.04  pl5321hdfd78af_0       bioconda          24kB
  + perl-params-validate                               1.31  pl5321h7b50bb2_5       bioconda          50kB
  + perl-parent                                       0.243  pl5321hd8ed1ab_0       conda-forge       14kB
  + perl-path-tiny                                    0.150  pl5321hd8ed1ab_0       conda-forge       46kB
  + perl-pathtools                                     3.75  pl5321hb9d3cd8_2       conda-forge       51kB
  + perl-posix                                      1.38_03  pl5321hdfd78af_2       bioconda           6kB
  + perl-readonly                                      2.05  pl5321ha770c72_0       conda-forge       25kB
  + perl-regexp-common                           2017060201  pl5321hd8ed1ab_0       conda-forge      100kB
  + perl-role-tiny                                 2.002004  pl5321ha770c72_0       conda-forge       23kB
  + perl-scalar-list-utils                             1.70  pl5321hb03c661_0       conda-forge       52kB
  + perl-scope-guard                                   0.21  pl5321hd8ed1ab_0       conda-forge       16kB
  + perl-set-intspan                                   1.19  pl5321hdfd78af_2       bioconda          25kB
  + perl-socket                                       2.027  pl5321h5c03b87_6       bioconda          35kB
  + perl-statistics-basic                            1.6611  pl5321hdfd78af_3       bioconda          35kB
  + perl-storable                                      3.15  pl5321hb9d3cd8_2       conda-forge       71kB
  + perl-sub-info                                     0.002  pl5321hd8ed1ab_0       conda-forge       19kB
  + perl-sub-quote                                 2.006006  pl5321ha770c72_0       conda-forge       27kB
  + perl-sub-uplevel                                 0.2800  pl5321hb9d3cd8_0       conda-forge       21kB
  + perl-svg                                           2.87  pl5321hd8ed1ab_0       conda-forge       45kB
  + perl-term-table                                   0.028  pl5321hdfd78af_0       bioconda          25kB
  + perl-test-deep                                    1.130  pl5321hd8ed1ab_0       conda-forge       44kB
  + perl-test-differences                              0.72  pl5321ha770c72_0       conda-forge       24kB
  + perl-test-exception                                0.43  pl5321hd8ed1ab_0       conda-forge       21kB
  + perl-test-fatal                                   0.016  pl5321hdfd78af_0       bioconda          13kB
  + perl-test-most                                     0.42  pl5321hdfd78af_0       bioconda          23kB
  + perl-test-needs                                0.002009  pl5321hd8ed1ab_0       conda-forge       18kB
  + perl-test-nowarnings                               1.06  pl5321ha770c72_0       conda-forge       20kB
  + perl-test-requiresinternet                         0.05  pl5321hdfd78af_1       bioconda          10kB
  + perl-test-warn                                     0.37  pl5321hd8ed1ab_0       conda-forge       21kB
  + perl-test-warnings                                0.031  pl5321ha770c72_0       conda-forge       22kB
  + perl-test2-suite                               0.000163  pl5321hdfd78af_0       bioconda         213kB
  + perl-text-diff                                     1.45  pl5321hd8ed1ab_0       conda-forge       32kB
  + perl-text-format                                   0.63  pl5321hdfd78af_0       bioconda          21kB
  + perl-time-hires                                  1.9764  pl5321h7b50bb2_6       bioconda          28kB
  + perl-time-local                                    1.35  pl5321hdfd78af_0       bioconda          14kB
  + perl-timedate                                      2.35  pl5321hdfd78af_0       bioconda          42kB
  + perl-tree-dag_node                                 1.35  pl5321hdfd78af_0       bioconda          45kB
  + perl-try-tiny                                      0.32  pl5321ha770c72_1       conda-forge       19kB
  + perl-types-serialiser                              1.01  pl5321hdfd78af_0       bioconda          13kB
  + perl-uri                                           5.34  pl5321ha770c72_0       conda-forge       79kB
  + perl-url-encode                                    0.03  pl5321h9ee0642_1       bioconda          13kB
  + perl-www-robotrules                                6.02  pl5321hdfd78af_4       bioconda          15kB
  + perl-xml-dom                                       1.46  pl5321hdfd78af_1       bioconda          60kB
  + perl-xml-dom-xpath                                 0.14  pl5321hdfd78af_2       bioconda          12kB
  + perl-xml-libxml                                  2.0210  pl5321hf886d80_0       bioconda         278kB
  + perl-xml-namespacesupport                          1.12  pl5321hd8ed1ab_0       conda-forge       23kB
  + perl-xml-parser                                 2.44_01  pl5321hf2e2c51_1004    conda-forge      150kB
  + perl-xml-regexp                                    0.04  pl5321hdfd78af_3       bioconda          10kB
  + perl-xml-sax                                       1.02  pl5321hd8ed1ab_0       conda-forge       44kB
  + perl-xml-sax-base                                  1.09  pl5321hd8ed1ab_0       conda-forge       28kB
  + perl-xml-sax-expat                                 0.51  pl5321hd8ed1ab_0       conda-forge       18kB
  + perl-xml-simple                                    2.25  pl5321hdfd78af_2       bioconda          50kB
  + perl-xml-xpathengine                               0.14  pl5321hdfd78af_3       bioconda          29kB
  + perl-yaml                                          1.30  pl5321hdfd78af_0       bioconda          44kB
  + phylip                                            3.697  h7b50bb2_3             bioconda           2MB
  + pillow                                           12.2.0  py311hf88fc01_0        conda-forge        1MB
  + pip                                              26.1.1  pyh8b19718_0           conda-forge        1MB
  + pixman                                           0.46.4  h54a6638_1             conda-forge      451kB
  + plotly                                            6.6.0  pyhd8ed1ab_0           conda-forge        5MB
  + poa                                                 2.0  h7b50bb2_6             bioconda          82kB
  + polars                                           1.40.1  pyh58ad624_0           conda-forge      537kB
  + polars-runtime-32                                1.40.1  py310h49dadd8_0        conda-forge       42MB
  + prank                                            170427  h9948957_1             bioconda         410kB
  + probcons                                           1.12  h5ca1c30_3             bioconda         142kB
  + probconsrna                                        1.10  h9f5acd7_4             bioconda         105kB
  + proda                                               1.0  h503566f_7             bioconda         492kB
  + prodigal                                          2.6.3  h577a1d6_11            bioconda         602kB
  + proj                                              9.5.1  h0054346_0             conda-forge        3MB
  + prokka                                           1.15.6  pl5321hdfd78af_0       bioconda         249MB
  + pthread-stubs                                       0.4  hb9d3cd8_1002          conda-forge        8kB
  + pyaml-env                                         1.2.2  pyhd8ed1ab_0           conda-forge       15kB
  + pydantic                                         2.13.4  pyhcf101f3_0           conda-forge      347kB
  + pydantic-core                                    2.46.4  py311h902ca64_0        conda-forge        2MB
  + pygments                                         2.20.0  pyhd8ed1ab_0           conda-forge      893kB
  + pymongo                                          4.17.0  py311h1ddb823_0        conda-forge        2MB
  + pyparsing                                         3.3.2  pyhcf101f3_0           conda-forge      111kB
  + pyrodigal                                         3.7.1  py311h26ae33e_1        bioconda           3MB
  + pysocks                                           1.7.1  pyha55dd90_7           conda-forge     Cached
  + python                                          3.11.15  hd63d673_0_cpython     conda-forge       31MB
  + python-dateutil                             2.9.0.post0  pyhe01879c_2           conda-forge      233kB
  + python-dotenv                                     1.2.2  pyhcf101f3_0           conda-forge       28kB
  + python-gil                                      3.11.15  hd8ed1ab_0             conda-forge       48kB
  + python-kaleido                                    0.2.1  pyhd8ed1ab_0           conda-forge       18kB
  + python_abi                                         3.11  8_cp311                conda-forge        7kB
  + pyyaml                                            6.0.3  py311h3778330_1        conda-forge      206kB
  + qhull                                            2020.2  h434a139_5             conda-forge      553kB
  + quast                                             5.3.0  py311pl5321hc84137b_1  bioconda          15MB
  + r-ade4                                           1.7_24  r44h3704496_0          conda-forge        5MB
  + r-adegenet                                       2.1.11  r44h54b55ab_2          conda-forge        3MB
  + r-ape                                             5.8_1  r44h3704496_2          conda-forge        3MB
  + r-askpass                                         1.2.1  r44h54b55ab_1          conda-forge       32kB
  + r-assertthat                                      0.2.1  r44hc72bb7e_6          conda-forge       73kB
  + r-backports                                       1.5.1  r44h54b55ab_0          conda-forge      132kB
  + r-base                                            4.4.1  h64c9cd0_16            conda-forge       27MB
  + r-base64enc                                       0.1_6  r44h54b55ab_0          conda-forge       49kB
  + r-bit                                             4.6.0  r44h54b55ab_1          conda-forge      622kB
  + r-bit64                                           4.8.0  r44h54b55ab_0          conda-forge      574kB
  + r-blob                                            1.3.0  r44hc72bb7e_0          conda-forge       70kB
  + r-boot                                           1.3_32  r44hc72bb7e_1          conda-forge      645kB
  + r-broom                                          1.0.13  r44hc72bb7e_0          conda-forge        2MB
  + r-bslib                                          0.10.0  r44hc72bb7e_0          conda-forge        5MB
  + r-cachem                                          1.1.0  r44h54b55ab_2          conda-forge       77kB
  + r-callr                                           3.7.6  r44hc72bb7e_2          conda-forge      454kB
  + r-cellranger                                      1.1.0  r44hc72bb7e_1008       conda-forge      112kB
  + r-class                                          7.3_23  r44h54b55ab_1          conda-forge      110kB
  + r-classint                                       0.4_11  r44heaba542_1          conda-forge      493kB
  + r-cli                                             3.6.6  r44h3697838_0          conda-forge        1MB
  + r-clipr                                           0.8.0  r44hc72bb7e_4          conda-forge       71kB
  + r-cluster                                       2.1.8.2  r44heaba542_0          conda-forge      591kB
  + r-colorspace                                      2.1_2  r44h54b55ab_0          conda-forge        3MB
  + r-commonmark                                      2.0.0  r44h54b55ab_1          conda-forge      140kB
  + r-conflicted                                      1.2.0  r44h785f33e_3          conda-forge       64kB
  + r-cpp11                                           0.5.5  r44h785f33e_0          conda-forge      248kB
  + r-crayon                                          1.5.3  r44hc72bb7e_2          conda-forge      168kB
  + r-curl                                            7.1.0  r44h10955f1_0          conda-forge      474kB
  + r-data.table                                     1.17.8  r44h1c8cec4_1          conda-forge        2MB
  + r-dbi                                             1.3.0  r44hc72bb7e_0          conda-forge      889kB
  + r-dbplyr                                          2.5.2  r44hc72bb7e_0          conda-forge        1MB
  + r-deldir                                          2.0_4  r44heaba542_2          conda-forge      293kB
  + r-digest                                         0.6.39  r44h3697838_0          conda-forge      218kB
  + r-dplyr                                           1.2.1  r44h3697838_0          conda-forge        1MB
  + r-dtplyr                                          1.3.3  r44hc72bb7e_0          conda-forge      412kB
  + r-e1071                                          1.7_17  r44h3697838_0          conda-forge      598kB
  + r-ellipsis                                        0.3.3  r44h54b55ab_0          conda-forge       33kB
  + r-evaluate                                        1.0.5  r44hc72bb7e_1          conda-forge      111kB
  + r-fansi                                           1.0.7  r44h54b55ab_0          conda-forge      329kB
  + r-farver                                          2.1.2  r44h3697838_2          conda-forge        1MB
  + r-fastmap                                         1.2.0  r44h3697838_2          conda-forge       74kB
  + r-fontawesome                                     0.5.3  r44hc72bb7e_1          conda-forge        1MB
  + r-forcats                                         1.0.1  r44hc72bb7e_0          conda-forge      425kB
  + r-fs                                              2.1.0  r44h3697838_0          conda-forge      244kB
  + r-gargle                                          1.6.1  r44h785f33e_0          conda-forge      729kB
  + r-generics                                        0.1.4  r44hc72bb7e_1          conda-forge       89kB
  + r-ggplot2                                         4.0.3  r44h785f33e_0          conda-forge        8MB
  + r-glue                                            1.8.1  r44h54b55ab_0          conda-forge      171kB
  + r-googledrive                                     2.1.2  r44hc72bb7e_1          conda-forge        1MB
  + r-googlesheets4                                   1.1.2  r44h785f33e_1          conda-forge      525kB
  + r-gtable                                          0.3.6  r44hc72bb7e_1          conda-forge      229kB
  + r-haven                                           2.5.5  r44h6d565e7_1          conda-forge      385kB
  + r-highr                                            0.12  r44hc72bb7e_0          conda-forge       57kB
  + r-hms                                             1.1.4  r44hc72bb7e_0          conda-forge      113kB
  + r-htmltools                                       0.5.9  r44h3697838_0          conda-forge      367kB
  + r-httpuv                                         1.6.17  r44h6d565e7_0          conda-forge      558kB
  + r-httr                                            1.4.8  r44hc72bb7e_0          conda-forge      481kB
  + r-ids                                             1.0.1  r44hc72bb7e_5          conda-forge      130kB
  + r-igraph                                          2.1.4  r44hadbbdbc_1          conda-forge        5MB
  + r-isoband                                         0.3.0  r44h3697838_0          conda-forge        2MB
  + r-jquerylib                                       0.1.4  r44hc72bb7e_4          conda-forge      307kB
  + r-jsonlite                                        2.0.0  r44h54b55ab_1          conda-forge      639kB
  + r-kernsmooth                                    2.23_26  r44ha0a88a1_1          conda-forge      102kB
  + r-knitr                                            1.51  r44hc72bb7e_0          conda-forge      989kB
  + r-labeling                                        0.4.3  r44hc72bb7e_2          conda-forge       70kB
  + r-later                                           1.4.8  r44h3697838_0          conda-forge      154kB
  + r-lattice                                        0.22_9  r44h54b55ab_0          conda-forge        1MB
  + r-lifecycle                                       1.0.5  r44hc72bb7e_0          conda-forge      132kB
  + r-lubridate                                       1.9.5  r44h54b55ab_0          conda-forge      971kB
  + r-magrittr                                        2.0.5  r44h54b55ab_0          conda-forge      212kB
  + r-mass                                           7.3_65  r44h54b55ab_0          conda-forge        1MB
  + r-matrix                                          1.7_5  r44h0e4624f_0          conda-forge        4MB
  + r-memoise                                         2.0.1  r44hc72bb7e_4          conda-forge       58kB
  + r-mgcv                                            1.9_4  r44h0e4624f_0          conda-forge        4MB
  + r-mime                                             0.13  r44h54b55ab_1          conda-forge       65kB
  + r-modelr                                         0.1.11  r44hc72bb7e_3          conda-forge      221kB
  + r-munsell                                         0.5.1  r44hc72bb7e_2          conda-forge      247kB
  + r-nlme                                          3.1_169  r44heaba542_0          conda-forge        2MB
  + r-openssl                                         2.4.0  r44h68c19f5_0          conda-forge      683kB
  + r-otel                                            0.2.0  r44hc72bb7e_1          conda-forge      286kB
  + r-permute                                        0.9_10  r44hc72bb7e_0          conda-forge      233kB
  + r-pillar                                         1.11.1  r44hc72bb7e_0          conda-forge      630kB
  + r-pixmap                                         0.4_14  r44hc72bb7e_1          conda-forge      226kB
  + r-pkgconfig                                       2.0.3  r44hc72bb7e_5          conda-forge       27kB
  + r-plyr                                            1.8.9  r44h3697838_3          conda-forge      787kB
  + r-prettyunits                                     1.2.0  r44hc72bb7e_2          conda-forge      161kB
  + r-processx                                        3.9.0  r44h54b55ab_0          conda-forge      411kB
  + r-progress                                        1.2.3  r44hc72bb7e_2          conda-forge       96kB
  + r-promises                                        1.5.0  r44hc72bb7e_1          conda-forge        2MB
  + r-proxy                                          0.4_29  r44h54b55ab_0          conda-forge      184kB
  + r-ps                                              1.9.3  r44h54b55ab_0          conda-forge      414kB
  + r-purrr                                           1.2.2  r44h54b55ab_0          conda-forge      548kB
  + r-r6                                              2.6.1  r44hc72bb7e_1          conda-forge       95kB
  + r-ragg                                            1.5.2  r44h9f1dc4d_0          conda-forge      598kB
  + r-rappdirs                                        0.3.4  r44h54b55ab_0          conda-forge       54kB
  + r-rcolorbrewer                                    1.1_3  r44h785f33e_4          conda-forge       67kB
  + r-rcpp                                        1.1.1_1.1  r44h3697838_0          conda-forge        2MB
  + r-readr                                           2.2.0  r44h3697838_0          conda-forge      812kB
  + r-readxl                                          1.4.5  r44h10e25cc_1          conda-forge      371kB
  + r-rematch                                         2.0.0  r44hc72bb7e_2          conda-forge       26kB
  + r-rematch2                                        2.1.2  r44hc72bb7e_5          conda-forge       56kB
  + r-reprex                                          2.1.1  r44hc72bb7e_2          conda-forge      502kB
  + r-reshape2                                        1.4.5  r44h3697838_0          conda-forge      128kB
  + r-rlang                                           1.2.0  r44h3697838_0          conda-forge        2MB
  + r-rmarkdown                                        2.31  r44hc72bb7e_0          conda-forge        2MB
  + r-rstudioapi                                     0.18.0  r44hc72bb7e_0          conda-forge      346kB
  + r-rvest                                           1.0.5  r44hc72bb7e_1          conda-forge      305kB
  + r-s2                                              1.1.9  r44h7d5736c_3          conda-forge        2MB
  + r-s7                                              0.2.2  r44h54b55ab_0          conda-forge      311kB
  + r-sass                                           0.4.10  r44h3697838_1          conda-forge        2MB
  + r-scales                                          1.4.0  r44hc72bb7e_1          conda-forge      781kB
  + r-segmented                                       2.2_1  r44hc72bb7e_0          conda-forge        1MB
  + r-selectr                                         0.5_1  r44hc72bb7e_0          conda-forge      485kB
  + r-seqinr                                         4.2_44  r44h1c8cec4_0          conda-forge        4MB
  + r-sf                                             1.0_20  r44h4d3cc04_0          conda-forge        4MB
  + r-shiny                                          1.13.0  r44h785f33e_0          conda-forge        4MB
  + r-sourcetools                                   0.1.7_2  r44h3697838_0          conda-forge       55kB
  + r-sp                                              2.2_1  r44h54b55ab_0          conda-forge        5MB
  + r-spdata                                          2.3.5  r44hc72bb7e_0          conda-forge        4MB
  + r-spdep                                           1.4_2  r44h54b55ab_0          conda-forge        4MB
  + r-stringi                                         1.8.7  r44h2dae267_1          conda-forge      940kB
  + r-stringr                                         1.6.0  r44h785f33e_0          conda-forge      319kB
  + r-sys                                             3.4.3  r44h54b55ab_1          conda-forge       50kB
  + r-systemfonts                                     1.3.2  r44h74f4acd_0          conda-forge      710kB
  + r-textshaping                                     0.4.0  r44ha47bcaa_2          conda-forge      123kB
  + r-tibble                                          3.3.1  r44h54b55ab_0          conda-forge      590kB
  + r-tidyr                                           1.3.2  r44h3697838_0          conda-forge        1MB
  + r-tidyselect                                      1.2.1  r44hc72bb7e_2          conda-forge      220kB
  + r-tidyverse                                       2.0.0  r44h785f33e_3          conda-forge      427kB
  + r-timechange                                      0.4.0  r44h3697838_0          conda-forge      194kB
  + r-tinytex                                          0.59  r44hc72bb7e_0          conda-forge      158kB
  + r-tzdb                                            0.5.0  r44h3697838_2          conda-forge      555kB
  + r-units                                           1.0_1  r44h3697838_0          conda-forge      477kB
  + r-utf8                                            1.2.6  r44h54b55ab_1          conda-forge      148kB
  + r-uuid                                            1.2_2  r44h54b55ab_0          conda-forge       58kB
  + r-vctrs                                           0.7.3  r44h3697838_0          conda-forge        2MB
  + r-vegan                                           2.7_3  r44h11cdb10_0          conda-forge        3MB
  + r-viridislite                                     0.4.3  r44hc72bb7e_0          conda-forge        1MB
  + r-vroom                                           1.7.1  r44h3697838_0          conda-forge      936kB
  + r-withr                                           3.0.2  r44hc72bb7e_1          conda-forge      235kB
  + r-wk                                              0.9.5  r44h3697838_0          conda-forge        2MB
  + r-xfun                                             0.57  r44h3697838_0          conda-forge      597kB
  + r-xml2                                            1.4.0  r44hc6fd541_1          conda-forge      354kB
  + r-xtable                                          1.8_8  r44hc72bb7e_0          conda-forge      745kB
  + r-yaml                                           2.3.12  r44h54b55ab_0          conda-forge      125kB
  + rav1e                                             0.8.1  h1fbca29_0             conda-forge        6MB
  + raxml                                            8.2.13  h7b50bb2_3             bioconda           3MB
  + readline                                            8.3  h853b02a_0             conda-forge     Cached
  + referencing                                      0.37.0  pyhcf101f3_0           conda-forge       52kB
  + regex                                          2026.5.9  py311h49ec1c0_0        conda-forge      419kB
  + requests                                         2.34.1  pyhcf101f3_0           conda-forge       69kB
  + rich                                             15.0.0  pyhcf101f3_0           conda-forge      209kB
  + rich-click                                        1.9.7  pyh8f84b5b_0           conda-forge       64kB
  + rpds-py                                          0.30.0  py311h902ca64_0        conda-forge      383kB
  + rpsbproc                                          0.5.1  hd6d6fdc_0             bioconda           6MB
  + samtools                                         0.1.19  h9dcdb79_15            bioconda           3MB
  + sap                                               1.1.3  h7b50bb2_5             bioconda          51kB
  + sed                                                4.10  h19d0853_0             conda-forge      268kB
  + sepp                                              4.5.5  py311haab0aaa_3        bioconda           7MB
  + seqkit                                           2.13.0  he881be0_0             bioconda           7MB
  + setuptools                                       82.0.1  pyh332efcf_0           conda-forge     Cached
  + simplejson                                        4.1.1  py311h49ec1c0_0        conda-forge      166kB
  + six                                              1.17.0  pyhe01879c_1           conda-forge       18kB
  + snappy                                            1.2.2  h03e3b7b_1             conda-forge       46kB
  + sniffio                                           1.3.1  pyhd8ed1ab_2           conda-forge       16kB
  + spades                                            4.2.0  h8d6e82b_2             bioconda          19MB
  + spectra                                          0.0.11  pyhd8ed1ab_2           conda-forge       22kB
  + sqlite                                           3.53.1  hbc0de68_0             conda-forge      205kB
  + sra-tools                                         3.4.1  2_linux_64             bioconda          20MB
  + stacks                                             2.68  h077b44d_3             bioconda           2MB
  + suitesparse                                      5.10.1  h5a4f163_3             conda-forge        1MB
  + svt-av1                                           4.0.1  hecca717_0             conda-forge        3MB
  + sysroot_linux-64                                   2.39  hc4b9eeb_6             conda-forge       42MB
  + t-coffee                               13.46.2.7c9e712d  pl5321hb2a3317_0       bioconda           2MB
  + tar                                                1.35  h3b78370_0             conda-forge      779kB
  + taxonkit                                         0.20.0  h9ee0642_1             bioconda           4MB
  + tbb                                            2022.3.0  h8d10470_1             conda-forge      181kB
  + tbl2asn-forever                                 25.7.2f  h7b50bb2_6             bioconda           5MB
  + tiktoken                                         0.12.0  py311h9a14573_3        conda-forge      938kB
  + tk                                               8.6.13  noxft_h366c992_103     conda-forge     Cached
  + tktable                                            2.10  h5a7a40f_8             conda-forge      103kB
  + tmalign                                        20170708  h8d36177_7             bioconda          89kB
  + tqdm                                             4.67.3  pyh8f84b5b_0           conda-forge     Cached
  + transtermhp                                        2.09  h9948957_2             bioconda           1MB
  + tree                                              2.3.2  hb03c661_0             conda-forge       56kB
  + trimmomatic                                        0.40  hdfd78af_0             bioconda         198kB
  + typeguard                                         4.5.1  pyhcf101f3_1           conda-forge       39kB
  + typing-extensions                                4.15.0  h396c80c_0             conda-forge       91kB
  + typing-inspection                                 0.4.2  pyhcf101f3_2           conda-forge       21kB
  + typing_extensions                                4.15.0  pyhcf101f3_0           conda-forge       52kB
  + tzdata                                            2025c  hc9c84f9_1             conda-forge     Cached
  + ucsc-fatotwobit                                     482  hdc0a859_0             bioconda         383kB
  + ucsc-twobitinfo                                     482  hdc0a859_0             bioconda         378kB
  + unicodedata2                                     17.0.1  py311h49ec1c0_0        conda-forge      410kB
  + unzip                                               6.0  hb03c661_4             conda-forge      147kB
  + uriparser                                         0.9.8  hac33072_0             conda-forge       48kB
  + urllib3                                           2.7.0  pyhd8ed1ab_0           conda-forge      104kB
  + vcftools                                         0.1.17  pl5321h077b44d_0       bioconda         495kB
  + velvet                                           1.2.10  h577a1d6_9             bioconda         155kB
  + viennarna                                         2.7.0  py311pl5321h7f785ea_1  bioconda          32MB
  + wget                                             1.21.4  hda4d442_0             conda-forge      770kB
  + wheel                                            0.47.0  pyhd8ed1ab_0           conda-forge       33kB
  + x265                                                3.5  h924138e_3             conda-forge        3MB
  + xerces-c                                          3.2.5  h988505b_2             conda-forge        2MB
  + xorg-libice                                       1.1.2  hb9d3cd8_0             conda-forge       59kB
  + xorg-libsm                                        1.2.6  he73a12e_0             conda-forge       28kB
  + xorg-libx11                                      1.8.13  he1eb515_0             conda-forge      840kB
  + xorg-libxau                                      1.0.12  hb03c661_1             conda-forge       15kB
  + xorg-libxdmcp                                     1.1.5  hb03c661_1             conda-forge       21kB
  + xorg-libxext                                      1.3.7  hb03c661_0             conda-forge       50kB
  + xorg-libxfixes                                    6.0.2  hb03c661_0             conda-forge       20kB
  + xorg-libxi                                        1.8.2  hb9d3cd8_0             conda-forge       47kB
  + xorg-libxrandr                                    1.5.5  hb03c661_0             conda-forge       30kB
  + xorg-libxrender                                  0.9.12  hb9d3cd8_0             conda-forge       33kB
  + xorg-libxt                                        1.3.1  hb9d3cd8_0             conda-forge      380kB
  + xorg-libxtst                                      1.2.5  hb9d3cd8_3             conda-forge       33kB
  + xz                                                5.8.3  ha02ee65_0             conda-forge       24kB
  + xz-gpl-tools                                      5.8.3  ha02ee65_0             conda-forge       34kB
  + xz-tools                                          5.8.3  hb03c661_0             conda-forge       96kB
  + yaml                                              0.2.5  h280c20c_3             conda-forge       85kB
  + ziggypep                                          0.3.1  hdfd78af_0             bioconda          22kB
  + zipp                                             3.23.1  pyhcf101f3_0           conda-forge       24kB
  + zlib                                              1.3.2  h25fd6f3_2             conda-forge       96kB
  + zlib-ng                                           2.3.3  hceb46e0_1             conda-forge      123kB
  + zstd                                              1.5.7  hb78ec9c_6             conda-forge     Cached

  Summary:

  Install: 648 packages

  Total download: 2GB

────────────────────────────────────────────────────────────────────────────────────────────────────────────


Confirm changes: [Y/n] 